<?xml version="1.0" encoding="UTF-8"?>
<robot generator="Robot 3.2.1 (Python 3.7.6 on win32)" generated="20200706 00:32:21.997" rpa="false">
<suite id="s1" name="Gherkin Login" source="C:\Users\nares.DESKTOP-GSUDTC4\PycharmProjects\msa\login_tests\gherkin_login.robot">
<test id="s1-t1" name="Valid Login">
<kw name="Given I opened the login page">
<kw name="Open login page" library="resource">
<kw name="Open Browser" library="SeleniumLibrary">
<doc>Opens a new browser instance to the optional ``url``.</doc>
<arguments>
<arg>${LOGIN URL}</arg>
<arg>${BROWSER}</arg>
</arguments>
<msg timestamp="20200706 00:32:22.231" level="INFO">Opening browser 'Firefox' to base url 'https://team3-8210-msa.herokuapp.com/accounts/login/'.</msg>
<msg timestamp="20200706 00:32:22.231" level="INFO">Firefox driver log is always forced to to: C:\Users\nares.DESKTOP-GSUDTC4\PycharmProjects\msa\login_tests\geckodriver-1.log</msg>
<kw name="Capture Page Screenshot" library="SeleniumLibrary">
<doc>Takes a screenshot of the current page and embeds it into a log file.</doc>
<msg timestamp="20200706 00:32:22.247" level="INFO">Cannot capture screenshot because no browser is open.</msg>
<status status="PASS" starttime="20200706 00:32:22.247" endtime="20200706 00:32:22.247"></status>
</kw>
<msg timestamp="20200706 00:32:22.387" level="FAIL">WebDriverException: Message: 'geckodriver' executable needs to be in PATH. 
</msg>
<status status="FAIL" starttime="20200706 00:32:22.231" endtime="20200706 00:32:22.387"></status>
</kw>
<status status="FAIL" starttime="20200706 00:32:22.231" endtime="20200706 00:32:22.387"></status>
</kw>
<status status="FAIL" starttime="20200706 00:32:22.231" endtime="20200706 00:32:22.403"></status>
</kw>
<kw name="Close Browser" library="SeleniumLibrary" type="teardown">
<doc>Closes the current browser.</doc>
<status status="PASS" starttime="20200706 00:32:22.403" endtime="20200706 00:32:22.403"></status>
</kw>
<status status="FAIL" starttime="20200706 00:32:22.231" endtime="20200706 00:32:22.403" critical="yes">WebDriverException: Message: 'geckodriver' executable needs to be in PATH. 
</status>
</test>
<doc>test suite with BDD and Robot framework style test.</doc>
<status status="FAIL" starttime="20200706 00:32:21.997" endtime="20200706 00:32:22.403"></status>
</suite>
<statistics>
<total>
<stat pass="0" fail="1">Critical Tests</stat>
<stat pass="0" fail="1">All Tests</stat>
</total>
<tag>
</tag>
<suite>
<stat pass="0" fail="1" id="s1" name="Gherkin Login">Gherkin Login</stat>
</suite>
</statistics>
<errors>
</errors>
</robot>
