<?xml version="1.0" encoding="UTF-8"?>
<robot generator="Robot 3.2.1 (Python 3.7.6 on win32)" generated="20200706 00:40:57.441" rpa="false">
<suite id="s1" name="Login Tests" source="C:\Users\nares.DESKTOP-GSUDTC4\PycharmProjects\msa\login_tests">
<suite id="s1-s1" name="Gherkin Login" source="C:\Users\nares.DESKTOP-GSUDTC4\PycharmProjects\msa\login_tests\gherkin_login.robot">
<test id="s1-s1-t1" name="Valid Login">
<kw name="Given I opened the login page">
<kw name="Open login page" library="resource">
<kw name="Open Browser" library="SeleniumLibrary">
<doc>Opens a new browser instance to the optional ``url``.</doc>
<arguments>
<arg>${LOGIN URL}</arg>
<arg>${BROWSER}</arg>
</arguments>
<msg timestamp="20200706 00:40:57.706" level="INFO">Opening browser 'Chrome' to base url 'https://team3-8210-msa.herokuapp.com/accounts/login/'.</msg>
<status status="PASS" starttime="20200706 00:40:57.706" endtime="20200706 00:41:02.251"></status>
</kw>
<kw name="Maximize Browser Window" library="SeleniumLibrary">
<doc>Maximizes current browser window.</doc>
<status status="PASS" starttime="20200706 00:41:02.251" endtime="20200706 00:41:04.401"></status>
</kw>
<kw name="Set Selenium Speed" library="SeleniumLibrary">
<doc>Sets the delay that is waited after each Selenium command.</doc>
<arguments>
<arg>${DELAY}</arg>
</arguments>
<status status="PASS" starttime="20200706 00:41:04.401" endtime="20200706 00:41:04.402"></status>
</kw>
<kw name="Login Page Should Be Open" library="resource">
<kw name="Title Should Be" library="SeleniumLibrary">
<doc>Verifies that the current page title equals ``title``.</doc>
<arguments>
<arg>MSA</arg>
</arguments>
<msg timestamp="20200706 00:41:04.409" level="INFO">Page title is 'MSA'.</msg>
<status status="PASS" starttime="20200706 00:41:04.403" endtime="20200706 00:41:04.409"></status>
</kw>
<status status="PASS" starttime="20200706 00:41:04.402" endtime="20200706 00:41:04.410"></status>
</kw>
<status status="PASS" starttime="20200706 00:40:57.705" endtime="20200706 00:41:04.410"></status>
</kw>
<status status="PASS" starttime="20200706 00:40:57.705" endtime="20200706 00:41:04.410"></status>
</kw>
<kw name="When I login with &quot;instructor&quot; and password &quot;instructor1a&quot;">
<kw name="Input Username" library="resource">
<arguments>
<arg>${username}</arg>
</arguments>
<kw name="Input Text" library="SeleniumLibrary">
<doc>Types the given ``text`` into the text field identified by ``locator``.</doc>
<arguments>
<arg>id_username</arg>
<arg>${username}</arg>
</arguments>
<msg timestamp="20200706 00:41:04.412" level="INFO">Typing text 'instructor' into text field 'id_username'.</msg>
<status status="PASS" starttime="20200706 00:41:04.411" endtime="20200706 00:41:04.578"></status>
</kw>
<status status="PASS" starttime="20200706 00:41:04.411" endtime="20200706 00:41:04.579"></status>
</kw>
<kw name="Input Password" library="resource">
<arguments>
<arg>${password}</arg>
</arguments>
<kw name="Input Text" library="SeleniumLibrary">
<doc>Types the given ``text`` into the text field identified by ``locator``.</doc>
<arguments>
<arg>id_password</arg>
<arg>${password}</arg>
</arguments>
<msg timestamp="20200706 00:41:04.579" level="INFO">Typing text 'instructor1a' into text field 'id_password'.</msg>
<status status="PASS" starttime="20200706 00:41:04.579" endtime="20200706 00:41:04.702"></status>
</kw>
<status status="PASS" starttime="20200706 00:41:04.579" endtime="20200706 00:41:04.702"></status>
</kw>
<kw name="Submit Credentials" library="resource">
<kw name="Click Button" library="SeleniumLibrary">
<doc>Clicks the button identified by ``locator``.</doc>
<arguments>
<arg>xpath:/html/body/div/div/div/div/form/div[3]/div/input</arg>
</arguments>
<msg timestamp="20200706 00:41:04.703" level="INFO">Clicking button 'xpath:/html/body/div/div/div/div/form/div[3]/div/input'.</msg>
<status status="PASS" starttime="20200706 00:41:04.703" endtime="20200706 00:41:06.387"></status>
</kw>
<status status="PASS" starttime="20200706 00:41:04.702" endtime="20200706 00:41:06.387"></status>
</kw>
<status status="PASS" starttime="20200706 00:41:04.411" endtime="20200706 00:41:06.388"></status>
</kw>
<kw name="Then welcome page should be open" library="resource">
<kw name="Location Should Be" library="SeleniumLibrary">
<doc>Verifies that the current URL is exactly ``url``.</doc>
<arguments>
<arg>${WELCOME URL}</arg>
</arguments>
<msg timestamp="20200706 00:41:06.398" level="INFO">Current location is 'https://team3-8210-msa.herokuapp.com/home/'.</msg>
<status status="PASS" starttime="20200706 00:41:06.389" endtime="20200706 00:41:06.399"></status>
</kw>
<kw name="Title Should Be" library="SeleniumLibrary">
<doc>Verifies that the current page title equals ``title``.</doc>
<arguments>
<arg>MSA</arg>
</arguments>
<msg timestamp="20200706 00:41:06.404" level="INFO">Page title is 'MSA'.</msg>
<status status="PASS" starttime="20200706 00:41:06.399" endtime="20200706 00:41:06.404"></status>
</kw>
<status status="PASS" starttime="20200706 00:41:06.389" endtime="20200706 00:41:06.404"></status>
</kw>
<kw name="Close Browser" library="SeleniumLibrary" type="teardown">
<doc>Closes the current browser.</doc>
<status status="PASS" starttime="20200706 00:41:06.405" endtime="20200706 00:41:08.616"></status>
</kw>
<status status="PASS" starttime="20200706 00:40:57.704" endtime="20200706 00:41:08.617" critical="yes"></status>
</test>
<doc>test suite with BDD and Robot framework style test.</doc>
<status status="PASS" starttime="20200706 00:40:57.479" endtime="20200706 00:41:08.626"></status>
</suite>
<status status="PASS" starttime="20200706 00:40:57.443" endtime="20200706 00:41:08.635"></status>
</suite>
<statistics>
<total>
<stat pass="1" fail="0">Critical Tests</stat>
<stat pass="1" fail="0">All Tests</stat>
</total>
<tag>
</tag>
<suite>
<stat pass="1" fail="0" id="s1" name="Login Tests">Login Tests</stat>
<stat pass="1" fail="0" id="s1-s1" name="Gherkin Login">Login Tests.Gherkin Login</stat>
</suite>
</statistics>
<errors>
</errors>
</robot>
